<?xml version="1.0" encoding="UTF-8"?>
<testsuite name="com.example.pruebaSentra.PruebaSentraApplicationTests" tests="1" skipped="0" failures="0" errors="0" timestamp="2024-04-11T22:54:37" hostname="CHLSTF000446" time="0.449">
  <properties/>
  <testcase name="contextLoads()" classname="com.example.pruebaSentra.PruebaSentraApplicationTests" time="0.449"/>
  <system-out><![CDATA[18:54:34.139 [Test worker] INFO org.springframework.test.context.support.AnnotationConfigContextLoaderUtils -- Could not detect default configuration classes for test class [com.example.pruebaSentra.PruebaSentraApplicationTests]: PruebaSentraApplicationTests does not declare any static, non-private, non-final, nested classes annotated with @Configuration.
18:54:34.221 [Test worker] INFO org.springframework.boot.test.context.SpringBootTestContextBootstrapper -- Found @SpringBootConfiguration com.example.pruebaSentra.PruebaSentraApplication for test class com.example.pruebaSentra.PruebaSentraApplicationTests

  .   ____          _            __ _ _
 /\\ / ___'_ __ _ _(_)_ __  __ _ \ \ \ \
( ( )\___ | '_ | '_| | '_ \/ _` | \ \ \ \
 \\/  ___)| |_)| | | | | || (_| |  ) ) ) )
  '  |____| .__|_| |_|_| |_\__, | / / / /
 =========|_|==============|___/=/_/_/_/
 :: Spring Boot ::                (v3.2.4)

2024-04-11T18:54:34.548-04:00  INFO 1936 --- [pruebaSentra] [    Test worker] c.e.p.PruebaSentraApplicationTests       : Starting PruebaSentraApplicationTests using Java 17.0.9 with PID 1936 (started by shgacitua1 in C:\Users\shgacitua1\test\prueba-tec-sentra)
2024-04-11T18:54:34.549-04:00  INFO 1936 --- [pruebaSentra] [    Test worker] c.e.p.PruebaSentraApplicationTests       : No active profile set, falling back to 1 default profile: "default"
2024-04-11T18:54:35.173-04:00  INFO 1936 --- [pruebaSentra] [    Test worker] .s.d.r.c.RepositoryConfigurationDelegate : Bootstrapping Spring Data JPA repositories in DEFAULT mode.
2024-04-11T18:54:35.220-04:00  INFO 1936 --- [pruebaSentra] [    Test worker] .s.d.r.c.RepositoryConfigurationDelegate : Finished Spring Data repository scanning in 40 ms. Found 1 JPA repository interface.
2024-04-11T18:54:35.572-04:00  INFO 1936 --- [pruebaSentra] [    Test worker] com.zaxxer.hikari.HikariDataSource       : HikariPool-1 - Starting...
2024-04-11T18:54:35.741-04:00  INFO 1936 --- [pruebaSentra] [    Test worker] com.zaxxer.hikari.pool.HikariPool        : HikariPool-1 - Added connection conn0: url=jdbc:h2:mem:testdb user=SA
2024-04-11T18:54:35.742-04:00  INFO 1936 --- [pruebaSentra] [    Test worker] com.zaxxer.hikari.HikariDataSource       : HikariPool-1 - Start completed.
2024-04-11T18:54:35.782-04:00  INFO 1936 --- [pruebaSentra] [    Test worker] o.hibernate.jpa.internal.util.LogHelper  : HHH000204: Processing PersistenceUnitInfo [name: default]
2024-04-11T18:54:35.850-04:00  INFO 1936 --- [pruebaSentra] [    Test worker] org.hibernate.Version                    : HHH000412: Hibernate ORM core version 6.4.4.Final
2024-04-11T18:54:35.888-04:00  INFO 1936 --- [pruebaSentra] [    Test worker] o.h.c.internal.RegionFactoryInitiator    : HHH000026: Second-level cache disabled
2024-04-11T18:54:36.127-04:00  INFO 1936 --- [pruebaSentra] [    Test worker] o.s.o.j.p.SpringPersistenceUnitInfo      : No LoadTimeWeaver setup: ignoring JPA class transformer
2024-04-11T18:54:36.168-04:00  WARN 1936 --- [pruebaSentra] [    Test worker] org.hibernate.orm.deprecation            : HHH90000025: H2Dialect does not need to be specified explicitly using 'hibernate.dialect' (remove the property setting and it will be selected by default)
2024-04-11T18:54:36.758-04:00  INFO 1936 --- [pruebaSentra] [    Test worker] o.h.e.t.j.p.i.JtaPlatformInitiator       : HHH000489: No JTA platform available (set 'hibernate.transaction.jta.platform' to enable JTA platform integration)
2024-04-11T18:54:36.795-04:00  INFO 1936 --- [pruebaSentra] [    Test worker] j.LocalContainerEntityManagerFactoryBean : Initialized JPA EntityManagerFactory for persistence unit 'default'
2024-04-11T18:54:37.318-04:00  WARN 1936 --- [pruebaSentra] [    Test worker] JpaBaseConfiguration$JpaWebConfiguration : spring.jpa.open-in-view is enabled by default. Therefore, database queries may be performed during view rendering. Explicitly configure spring.jpa.open-in-view to disable this warning
2024-04-11T18:54:37.723-04:00  INFO 1936 --- [pruebaSentra] [    Test worker] o.s.b.a.h2.H2ConsoleAutoConfiguration    : H2 console available at '/h2-console'. Database available at 'jdbc:h2:mem:testdb'
2024-04-11T18:54:37.780-04:00  INFO 1936 --- [pruebaSentra] [    Test worker] c.e.p.PruebaSentraApplicationTests       : Started PruebaSentraApplicationTests in 3.389 seconds (process running for 4.379)
]]></system-out>
  <system-err><![CDATA[]]></system-err>
</testsuite>
