<?xml version="1.0" encoding="UTF-8"?>
<testsuite name="com.example.pruebaSentra.PruebaSentraApplicationTests" tests="1" skipped="0" failures="0" errors="0" timestamp="2024-04-11T03:19:51" hostname="CHLSTF000446" time="0.85">
  <properties/>
  <testcase name="contextLoads()" classname="com.example.pruebaSentra.PruebaSentraApplicationTests" time="0.85"/>
  <system-out><![CDATA[23:19:46.190 [Test worker] INFO org.springframework.test.context.support.AnnotationConfigContextLoaderUtils -- Could not detect default configuration classes for test class [com.example.pruebaSentra.PruebaSentraApplicationTests]: PruebaSentraApplicationTests does not declare any static, non-private, non-final, nested classes annotated with @Configuration.
23:19:46.313 [Test worker] INFO org.springframework.boot.test.context.SpringBootTestContextBootstrapper -- Found @SpringBootConfiguration com.example.pruebaSentra.PruebaSentraApplication for test class com.example.pruebaSentra.PruebaSentraApplicationTests

  .   ____          _            __ _ _
 /\\ / ___'_ __ _ _(_)_ __  __ _ \ \ \ \
( ( )\___ | '_ | '_| | '_ \/ _` | \ \ \ \
 \\/  ___)| |_)| | | | | || (_| |  ) ) ) )
  '  |____| .__|_| |_|_| |_\__, | / / / /
 =========|_|==============|___/=/_/_/_/
 :: Spring Boot ::                (v3.2.4)

2024-04-10T23:19:46.850-04:00  INFO 1368 --- [pruebaSentra] [    Test worker] c.e.p.PruebaSentraApplicationTests       : Starting PruebaSentraApplicationTests using Java 17.0.9 with PID 1368 (started by shgacitua1 in C:\Users\shgacitua1\test\prueba-tec-sentra)
2024-04-10T23:19:46.851-04:00  INFO 1368 --- [pruebaSentra] [    Test worker] c.e.p.PruebaSentraApplicationTests       : No active profile set, falling back to 1 default profile: "default"
2024-04-10T23:19:47.637-04:00  INFO 1368 --- [pruebaSentra] [    Test worker] .s.d.r.c.RepositoryConfigurationDelegate : Bootstrapping Spring Data JPA repositories in DEFAULT mode.
2024-04-10T23:19:47.732-04:00  INFO 1368 --- [pruebaSentra] [    Test worker] .s.d.r.c.RepositoryConfigurationDelegate : Finished Spring Data repository scanning in 76 ms. Found 1 JPA repository interface.
2024-04-10T23:19:48.292-04:00  INFO 1368 --- [pruebaSentra] [    Test worker] com.zaxxer.hikari.HikariDataSource       : HikariPool-1 - Starting...
2024-04-10T23:19:48.548-04:00  INFO 1368 --- [pruebaSentra] [    Test worker] com.zaxxer.hikari.pool.HikariPool        : HikariPool-1 - Added connection conn0: url=jdbc:h2:mem:testdb user=SA
2024-04-10T23:19:48.551-04:00  INFO 1368 --- [pruebaSentra] [    Test worker] com.zaxxer.hikari.HikariDataSource       : HikariPool-1 - Start completed.
2024-04-10T23:19:48.617-04:00  INFO 1368 --- [pruebaSentra] [    Test worker] o.hibernate.jpa.internal.util.LogHelper  : HHH000204: Processing PersistenceUnitInfo [name: default]
2024-04-10T23:19:48.693-04:00  INFO 1368 --- [pruebaSentra] [    Test worker] org.hibernate.Version                    : HHH000412: Hibernate ORM core version 6.4.4.Final
2024-04-10T23:19:48.763-04:00  INFO 1368 --- [pruebaSentra] [    Test worker] o.h.c.internal.RegionFactoryInitiator    : HHH000026: Second-level cache disabled
2024-04-10T23:19:49.082-04:00  INFO 1368 --- [pruebaSentra] [    Test worker] o.s.o.j.p.SpringPersistenceUnitInfo      : No LoadTimeWeaver setup: ignoring JPA class transformer
2024-04-10T23:19:49.158-04:00  WARN 1368 --- [pruebaSentra] [    Test worker] org.hibernate.orm.deprecation            : HHH90000025: H2Dialect does not need to be specified explicitly using 'hibernate.dialect' (remove the property setting and it will be selected by default)
2024-04-10T23:19:49.881-04:00  INFO 1368 --- [pruebaSentra] [    Test worker] o.h.e.t.j.p.i.JtaPlatformInitiator       : HHH000489: No JTA platform available (set 'hibernate.transaction.jta.platform' to enable JTA platform integration)
2024-04-10T23:19:49.933-04:00  INFO 1368 --- [pruebaSentra] [    Test worker] j.LocalContainerEntityManagerFactoryBean : Initialized JPA EntityManagerFactory for persistence unit 'default'
2024-04-10T23:19:50.515-04:00  WARN 1368 --- [pruebaSentra] [    Test worker] JpaBaseConfiguration$JpaWebConfiguration : spring.jpa.open-in-view is enabled by default. Therefore, database queries may be performed during view rendering. Explicitly configure spring.jpa.open-in-view to disable this warning
2024-04-10T23:19:51.010-04:00  INFO 1368 --- [pruebaSentra] [    Test worker] o.s.b.a.h2.H2ConsoleAutoConfiguration    : H2 console available at '/h2-console'. Database available at 'jdbc:h2:mem:testdb'
2024-04-10T23:19:51.120-04:00  INFO 1368 --- [pruebaSentra] [    Test worker] c.e.p.PruebaSentraApplicationTests       : Started PruebaSentraApplicationTests in 4.555 seconds (process running for 6.079)
]]></system-out>
  <system-err><![CDATA[]]></system-err>
</testsuite>
